{"/Users/marcooliveira/Documents/playground/indigounited/dev/node-couchnode/index.js":{"path":"/Users/marcooliveira/Documents/playground/indigounited/dev/node-couchnode/index.js","s":{"1":1},"b":{},"f":{},"fnMap":{},"statementMap":{"1":{"start":{"line":1,"column":0},"end":{"line":1,"column":41}}},"branchMap":{}},"/Users/marcooliveira/Documents/playground/indigounited/dev/node-couchnode/lib/bucket.js":{"path":"/Users/marcooliveira/Documents/playground/indigounited/dev/node-couchnode/lib/bucket.js","s":{"1":1,"2":1,"3":1,"4":1,"5":11,"6":1,"7":90,"8":1,"9":35,"10":0,"11":35,"12":35,"13":19,"14":16,"15":1,"16":35,"17":35,"18":90,"19":90,"20":90,"21":24,"22":20,"23":4,"24":2,"25":2,"26":4,"27":66,"28":35,"29":1,"30":19,"31":3,"32":3,"33":3,"34":1,"35":85,"36":1,"37":1,"38":1,"39":1,"40":1,"41":1,"42":24,"43":24,"44":0,"45":0,"46":0,"47":24,"48":24,"49":24,"50":24,"51":57,"52":27,"53":27,"54":27,"55":0,"56":0,"57":0,"58":0,"59":0,"60":30,"61":24,"62":1,"63":8,"64":8,"65":8,"66":8,"67":21,"68":1,"69":4,"70":4,"71":4,"72":4,"73":11,"74":1,"75":0,"76":0,"77":0,"78":0,"79":0,"80":0,"81":1,"82":0,"83":0,"84":0,"85":0,"86":0,"87":0,"88":1,"89":1,"90":1,"91":0,"92":1,"93":7,"94":4,"95":4,"96":7,"97":7,"98":7,"99":7,"100":18,"101":5,"102":13,"103":18,"104":1,"105":7,"106":4,"107":4,"108":7,"109":7,"110":7,"111":7,"112":7,"113":18,"114":5,"115":13,"116":18,"117":1,"118":4,"119":4,"120":4,"121":4,"122":11,"123":1,"124":3,"125":3,"126":3,"127":7,"128":1,"129":2,"130":2,"131":2,"132":2,"133":2,"134":2,"135":2,"136":2,"137":4,"138":0,"139":4,"140":4,"141":1,"142":11,"143":1,"144":0,"145":0,"146":0,"147":0,"148":0,"149":0,"150":0},"b":{"1":[0,35],"2":[19,16],"3":[24,66],"4":[20,4],"5":[24,4],"6":[2,2],"7":[3,16],"8":[19,15,8,3],"9":[49,36],"10":[0,24],"11":[24,0],"12":[0,0],"13":[27,30],"14":[27,0],"15":[27,0],"16":[0,0],"17":[8,0],"18":[4,0],"19":[0,0],"20":[0,0],"21":[0,0],"22":[0,0],"23":[4,3],"24":[0,7],"25":[0,7],"26":[3,4],"27":[5,13],"28":[4,3],"29":[0,7],"30":[0,7],"31":[0,7],"32":[3,4],"33":[5,13],"34":[4,0],"35":[2,0],"36":[0,2],"37":[0,2],"38":[0,2],"39":[0,2],"40":[0,4],"41":[0,0]},"f":{"1":11,"2":90,"3":35,"4":35,"5":35,"6":19,"7":85,"8":1,"9":1,"10":24,"11":24,"12":8,"13":21,"14":4,"15":11,"16":0,"17":0,"18":0,"19":0,"20":1,"21":0,"22":7,"23":18,"24":7,"25":18,"26":4,"27":11,"28":3,"29":7,"30":2,"31":4,"32":11,"33":0},"fnMap":{"1":{"name":"(anonymous_1)","line":7,"loc":{"start":{"line":7,"column":13},"end":{"line":7,"column":31}}},"2":{"name":"_handleResult","line":13,"loc":{"start":{"line":13,"column":0},"end":{"line":13,"column":43}}},"3":{"name":"_handleMultiResults","line":20,"loc":{"start":{"line":20,"column":0},"end":{"line":20,"column":74}}},"4":{"name":"__handleMapKeysToResults","line":27,"loc":{"start":{"line":27,"column":44},"end":{"line":27,"column":96}}},"5":{"name":"_mapKeysToResults","line":38,"loc":{"start":{"line":38,"column":0},"end":{"line":38,"column":52}}},"6":{"name":"_indexProperty","line":85,"loc":{"start":{"line":85,"column":0},"end":{"line":85,"column":49}}},"7":{"name":"_array","line":95,"loc":{"start":{"line":95,"column":0},"end":{"line":95,"column":19}}},"8":{"name":"(anonymous_8)","line":103,"loc":{"start":{"line":103,"column":26},"end":{"line":103,"column":70}}},"9":{"name":"(anonymous_9)","line":108,"loc":{"start":{"line":108,"column":27},"end":{"line":108,"column":68}}},"10":{"name":"(anonymous_10)","line":113,"loc":{"start":{"line":113,"column":23},"end":{"line":113,"column":49}}},"11":{"name":"__handleGetMulti","line":115,"loc":{"start":{"line":115,"column":40},"end":{"line":115,"column":77}}},"12":{"name":"(anonymous_12)","line":174,"loc":{"start":{"line":174,"column":30},"end":{"line":174,"column":65}}},"13":{"name":"__handleMap","line":181,"loc":{"start":{"line":181,"column":28},"end":{"line":181,"column":60}}},"14":{"name":"(anonymous_14)","line":186,"loc":{"start":{"line":186,"column":31},"end":{"line":186,"column":74}}},"15":{"name":"__handleMap","line":193,"loc":{"start":{"line":193,"column":28},"end":{"line":193,"column":60}}},"16":{"name":"(anonymous_16)","line":198,"loc":{"start":{"line":198,"column":30},"end":{"line":198,"column":65}}},"17":{"name":"__handleMap","line":207,"loc":{"start":{"line":207,"column":28},"end":{"line":207,"column":60}}},"18":{"name":"(anonymous_18)","line":212,"loc":{"start":{"line":212,"column":26},"end":{"line":212,"column":63}}},"19":{"name":"__handleMap","line":221,"loc":{"start":{"line":221,"column":20},"end":{"line":221,"column":52}}},"20":{"name":"(anonymous_20)","line":226,"loc":{"start":{"line":226,"column":27},"end":{"line":226,"column":71}}},"21":{"name":"(anonymous_21)","line":231,"loc":{"start":{"line":231,"column":25},"end":{"line":231,"column":60}}},"22":{"name":"(anonymous_22)","line":243,"loc":{"start":{"line":243,"column":26},"end":{"line":243,"column":61}}},"23":{"name":"__handleMap","line":259,"loc":{"start":{"line":259,"column":28},"end":{"line":259,"column":60}}},"24":{"name":"(anonymous_24)","line":271,"loc":{"start":{"line":271,"column":27},"end":{"line":271,"column":64}}},"25":{"name":"__handleMap","line":290,"loc":{"start":{"line":290,"column":20},"end":{"line":290,"column":52}}},"26":{"name":"(anonymous_26)","line":302,"loc":{"start":{"line":302,"column":25},"end":{"line":302,"column":68}}},"27":{"name":"__handleMap","line":309,"loc":{"start":{"line":309,"column":28},"end":{"line":309,"column":60}}},"28":{"name":"(anonymous_28)","line":314,"loc":{"start":{"line":314,"column":26},"end":{"line":314,"column":57}}},"29":{"name":"__handleEach","line":321,"loc":{"start":{"line":321,"column":28},"end":{"line":321,"column":61}}},"30":{"name":"(anonymous_30)","line":326,"loc":{"start":{"line":326,"column":26},"end":{"line":326,"column":63}}},"31":{"name":"__handleMap","line":345,"loc":{"start":{"line":345,"column":20},"end":{"line":345,"column":52}}},"32":{"name":"(anonymous_32)","line":357,"loc":{"start":{"line":357,"column":22},"end":{"line":357,"column":40}}},"33":{"name":"(anonymous_33)","line":361,"loc":{"start":{"line":361,"column":23},"end":{"line":361,"column":39}}}},"statementMap":{"1":{"start":{"line":3,"column":0},"end":{"line":3,"column":39}},"2":{"start":{"line":4,"column":0},"end":{"line":4,"column":43}},"3":{"start":{"line":5,"column":0},"end":{"line":5,"column":32}},"4":{"start":{"line":7,"column":0},"end":{"line":9,"column":2}},"5":{"start":{"line":8,"column":4},"end":{"line":8,"column":26}},"6":{"start":{"line":13,"column":0},"end":{"line":18,"column":1}},"7":{"start":{"line":14,"column":4},"end":{"line":17,"column":8}},"8":{"start":{"line":20,"column":0},"end":{"line":36,"column":1}},"9":{"start":{"line":22,"column":4},"end":{"line":25,"column":5}},"10":{"start":{"line":23,"column":8},"end":{"line":23,"column":18}},"11":{"start":{"line":27,"column":4},"end":{"line":35,"column":7}},"12":{"start":{"line":29,"column":8},"end":{"line":31,"column":9}},"13":{"start":{"line":30,"column":12},"end":{"line":30,"column":71}},"14":{"start":{"line":34,"column":8},"end":{"line":34,"column":62}},"15":{"start":{"line":38,"column":0},"end":{"line":82,"column":1}},"16":{"start":{"line":39,"column":4},"end":{"line":46,"column":25}},"17":{"start":{"line":48,"column":4},"end":{"line":69,"column":5}},"18":{"start":{"line":49,"column":8},"end":{"line":49,"column":25}},"19":{"start":{"line":50,"column":8},"end":{"line":50,"column":23}},"20":{"start":{"line":52,"column":8},"end":{"line":68,"column":9}},"21":{"start":{"line":54,"column":12},"end":{"line":65,"column":13}},"22":{"start":{"line":55,"column":16},"end":{"line":55,"column":31}},"23":{"start":{"line":58,"column":16},"end":{"line":61,"column":17}},"24":{"start":{"line":59,"column":20},"end":{"line":59,"column":111}},"25":{"start":{"line":60,"column":20},"end":{"line":60,"column":36}},"26":{"start":{"line":64,"column":16},"end":{"line":64,"column":40}},"27":{"start":{"line":67,"column":12},"end":{"line":67,"column":30}},"28":{"start":{"line":81,"column":4},"end":{"line":81,"column":63}},"29":{"start":{"line":85,"column":0},"end":{"line":93,"column":1}},"30":{"start":{"line":87,"column":4},"end":{"line":92,"column":5}},"31":{"start":{"line":88,"column":8},"end":{"line":88,"column":37}},"32":{"start":{"line":90,"column":8},"end":{"line":90,"column":40}},"33":{"start":{"line":91,"column":8},"end":{"line":91,"column":42}},"34":{"start":{"line":95,"column":0},"end":{"line":97,"column":1}},"35":{"start":{"line":96,"column":4},"end":{"line":96,"column":32}},"36":{"start":{"line":101,"column":0},"end":{"line":101,"column":35}},"37":{"start":{"line":103,"column":0},"end":{"line":106,"column":2}},"38":{"start":{"line":105,"column":4},"end":{"line":105,"column":65}},"39":{"start":{"line":108,"column":0},"end":{"line":111,"column":2}},"40":{"start":{"line":110,"column":4},"end":{"line":110,"column":63}},"41":{"start":{"line":113,"column":0},"end":{"line":172,"column":2}},"42":{"start":{"line":115,"column":4},"end":{"line":171,"column":7}},"43":{"start":{"line":116,"column":8},"end":{"line":123,"column":9}},"44":{"start":{"line":118,"column":12},"end":{"line":120,"column":13}},"45":{"start":{"line":119,"column":16},"end":{"line":119,"column":37}},"46":{"start":{"line":122,"column":12},"end":{"line":122,"column":58}},"47":{"start":{"line":125,"column":8},"end":{"line":127,"column":9}},"48":{"start":{"line":130,"column":8},"end":{"line":130,"column":24}},"49":{"start":{"line":133,"column":8},"end":{"line":133,"column":30}},"50":{"start":{"line":135,"column":8},"end":{"line":163,"column":9}},"51":{"start":{"line":137,"column":12},"end":{"line":162,"column":13}},"52":{"start":{"line":139,"column":16},"end":{"line":158,"column":17}},"53":{"start":{"line":144,"column":20},"end":{"line":144,"column":35}},"54":{"start":{"line":145,"column":20},"end":{"line":145,"column":34}},"55":{"start":{"line":150,"column":20},"end":{"line":153,"column":21}},"56":{"start":{"line":151,"column":24},"end":{"line":151,"column":115}},"57":{"start":{"line":152,"column":24},"end":{"line":152,"column":47}},"58":{"start":{"line":156,"column":20},"end":{"line":156,"column":57}},"59":{"start":{"line":157,"column":20},"end":{"line":157,"column":41}},"60":{"start":{"line":161,"column":16},"end":{"line":161,"column":33}},"61":{"start":{"line":170,"column":8},"end":{"line":170,"column":74}},"62":{"start":{"line":174,"column":0},"end":{"line":184,"column":2}},"63":{"start":{"line":176,"column":4},"end":{"line":179,"column":5}},"64":{"start":{"line":177,"column":8},"end":{"line":177,"column":27}},"65":{"start":{"line":178,"column":8},"end":{"line":178,"column":22}},"66":{"start":{"line":181,"column":4},"end":{"line":183,"column":72}},"67":{"start":{"line":182,"column":8},"end":{"line":182,"column":85}},"68":{"start":{"line":186,"column":0},"end":{"line":196,"column":2}},"69":{"start":{"line":188,"column":4},"end":{"line":191,"column":5}},"70":{"start":{"line":189,"column":8},"end":{"line":189,"column":27}},"71":{"start":{"line":190,"column":8},"end":{"line":190,"column":22}},"72":{"start":{"line":193,"column":4},"end":{"line":195,"column":72}},"73":{"start":{"line":194,"column":8},"end":{"line":194,"column":87}},"74":{"start":{"line":198,"column":0},"end":{"line":210,"column":2}},"75":{"start":{"line":200,"column":4},"end":{"line":203,"column":5}},"76":{"start":{"line":201,"column":8},"end":{"line":201,"column":27}},"77":{"start":{"line":202,"column":8},"end":{"line":202,"column":22}},"78":{"start":{"line":205,"column":4},"end":{"line":205,"column":43}},"79":{"start":{"line":207,"column":4},"end":{"line":209,"column":72}},"80":{"start":{"line":208,"column":8},"end":{"line":208,"column":145}},"81":{"start":{"line":212,"column":0},"end":{"line":224,"column":2}},"82":{"start":{"line":214,"column":4},"end":{"line":217,"column":5}},"83":{"start":{"line":215,"column":8},"end":{"line":215,"column":27}},"84":{"start":{"line":216,"column":8},"end":{"line":216,"column":22}},"85":{"start":{"line":219,"column":4},"end":{"line":219,"column":35}},"86":{"start":{"line":221,"column":4},"end":{"line":223,"column":73}},"87":{"start":{"line":222,"column":8},"end":{"line":222,"column":87}},"88":{"start":{"line":226,"column":0},"end":{"line":229,"column":2}},"89":{"start":{"line":228,"column":4},"end":{"line":228,"column":66}},"90":{"start":{"line":231,"column":0},"end":{"line":234,"column":2}},"91":{"start":{"line":233,"column":4},"end":{"line":233,"column":55}},"92":{"start":{"line":243,"column":0},"end":{"line":269,"column":2}},"93":{"start":{"line":245,"column":4},"end":{"line":248,"column":5}},"94":{"start":{"line":246,"column":8},"end":{"line":246,"column":27}},"95":{"start":{"line":247,"column":8},"end":{"line":247,"column":22}},"96":{"start":{"line":250,"column":4},"end":{"line":250,"column":41}},"97":{"start":{"line":252,"column":4},"end":{"line":255,"column":6}},"98":{"start":{"line":257,"column":4},"end":{"line":257,"column":49}},"99":{"start":{"line":259,"column":4},"end":{"line":268,"column":73}},"100":{"start":{"line":261,"column":8},"end":{"line":265,"column":9}},"101":{"start":{"line":262,"column":12},"end":{"line":262,"column":39}},"102":{"start":{"line":264,"column":12},"end":{"line":264,"column":27}},"103":{"start":{"line":267,"column":8},"end":{"line":267,"column":70}},"104":{"start":{"line":271,"column":0},"end":{"line":300,"column":2}},"105":{"start":{"line":273,"column":4},"end":{"line":276,"column":5}},"106":{"start":{"line":274,"column":8},"end":{"line":274,"column":27}},"107":{"start":{"line":275,"column":8},"end":{"line":275,"column":22}},"108":{"start":{"line":278,"column":4},"end":{"line":278,"column":35}},"109":{"start":{"line":280,"column":4},"end":{"line":280,"column":41}},"110":{"start":{"line":282,"column":4},"end":{"line":286,"column":6}},"111":{"start":{"line":288,"column":4},"end":{"line":288,"column":49}},"112":{"start":{"line":290,"column":4},"end":{"line":299,"column":72}},"113":{"start":{"line":292,"column":8},"end":{"line":296,"column":9}},"114":{"start":{"line":293,"column":12},"end":{"line":293,"column":39}},"115":{"start":{"line":295,"column":12},"end":{"line":295,"column":27}},"116":{"start":{"line":298,"column":8},"end":{"line":298,"column":84}},"117":{"start":{"line":302,"column":0},"end":{"line":312,"column":2}},"118":{"start":{"line":304,"column":4},"end":{"line":307,"column":5}},"119":{"start":{"line":305,"column":8},"end":{"line":305,"column":27}},"120":{"start":{"line":306,"column":8},"end":{"line":306,"column":22}},"121":{"start":{"line":309,"column":4},"end":{"line":311,"column":73}},"122":{"start":{"line":310,"column":8},"end":{"line":310,"column":81}},"123":{"start":{"line":314,"column":0},"end":{"line":324,"column":2}},"124":{"start":{"line":317,"column":4},"end":{"line":317,"column":30}},"125":{"start":{"line":319,"column":4},"end":{"line":319,"column":40}},"126":{"start":{"line":321,"column":4},"end":{"line":323,"column":73}},"127":{"start":{"line":322,"column":8},"end":{"line":322,"column":82}},"128":{"start":{"line":326,"column":0},"end":{"line":355,"column":2}},"129":{"start":{"line":328,"column":4},"end":{"line":331,"column":5}},"130":{"start":{"line":329,"column":8},"end":{"line":329,"column":27}},"131":{"start":{"line":330,"column":8},"end":{"line":330,"column":22}},"132":{"start":{"line":333,"column":4},"end":{"line":333,"column":35}},"133":{"start":{"line":335,"column":4},"end":{"line":335,"column":41}},"134":{"start":{"line":337,"column":4},"end":{"line":341,"column":6}},"135":{"start":{"line":343,"column":4},"end":{"line":343,"column":49}},"136":{"start":{"line":345,"column":4},"end":{"line":354,"column":73}},"137":{"start":{"line":347,"column":8},"end":{"line":351,"column":9}},"138":{"start":{"line":348,"column":12},"end":{"line":348,"column":39}},"139":{"start":{"line":350,"column":12},"end":{"line":350,"column":27}},"140":{"start":{"line":353,"column":8},"end":{"line":353,"column":83}},"141":{"start":{"line":357,"column":0},"end":{"line":359,"column":2}},"142":{"start":{"line":358,"column":4},"end":{"line":358,"column":30}},"143":{"start":{"line":361,"column":0},"end":{"line":377,"column":2}},"144":{"start":{"line":362,"column":4},"end":{"line":362,"column":17}},"145":{"start":{"line":365,"column":4},"end":{"line":371,"column":5}},"146":{"start":{"line":366,"column":8},"end":{"line":368,"column":9}},"147":{"start":{"line":367,"column":12},"end":{"line":367,"column":29}},"148":{"start":{"line":370,"column":8},"end":{"line":370,"column":19}},"149":{"start":{"line":374,"column":4},"end":{"line":374,"column":15}},"150":{"start":{"line":376,"column":4},"end":{"line":376,"column":15}}},"branchMap":{"1":{"line":22,"type":"if","locations":[{"start":{"line":22,"column":4},"end":{"line":22,"column":4}},{"start":{"line":22,"column":4},"end":{"line":22,"column":4}}]},"2":{"line":29,"type":"if","locations":[{"start":{"line":29,"column":8},"end":{"line":29,"column":8}},{"start":{"line":29,"column":8},"end":{"line":29,"column":8}}]},"3":{"line":52,"type":"if","locations":[{"start":{"line":52,"column":8},"end":{"line":52,"column":8}},{"start":{"line":52,"column":8},"end":{"line":52,"column":8}}]},"4":{"line":54,"type":"if","locations":[{"start":{"line":54,"column":12},"end":{"line":54,"column":12}},{"start":{"line":54,"column":12},"end":{"line":54,"column":12}}]},"5":{"line":54,"type":"binary-expr","locations":[{"start":{"line":54,"column":16},"end":{"line":54,"column":53}},{"start":{"line":54,"column":57},"end":{"line":54,"column":92}}]},"6":{"line":58,"type":"if","locations":[{"start":{"line":58,"column":16},"end":{"line":58,"column":16}},{"start":{"line":58,"column":16},"end":{"line":58,"column":16}}]},"7":{"line":87,"type":"if","locations":[{"start":{"line":87,"column":4},"end":{"line":87,"column":4}},{"start":{"line":87,"column":4},"end":{"line":87,"column":4}}]},"8":{"line":87,"type":"binary-expr","locations":[{"start":{"line":87,"column":9},"end":{"line":87,"column":23}},{"start":{"line":87,"column":27},"end":{"line":87,"column":44}},{"start":{"line":87,"column":49},"end":{"line":87,"column":66}},{"start":{"line":87,"column":70},"end":{"line":87,"column":97}}]},"9":{"line":96,"type":"cond-expr","locations":[{"start":{"line":96,"column":24},"end":{"line":96,"column":25}},{"start":{"line":96,"column":28},"end":{"line":96,"column":31}}]},"10":{"line":116,"type":"if","locations":[{"start":{"line":116,"column":8},"end":{"line":116,"column":8}},{"start":{"line":116,"column":8},"end":{"line":116,"column":8}}]},"11":{"line":116,"type":"binary-expr","locations":[{"start":{"line":116,"column":12},"end":{"line":116,"column":17}},{"start":{"line":116,"column":21},"end":{"line":116,"column":24}}]},"12":{"line":118,"type":"if","locations":[{"start":{"line":118,"column":12},"end":{"line":118,"column":12}},{"start":{"line":118,"column":12},"end":{"line":118,"column":12}}]},"13":{"line":137,"type":"if","locations":[{"start":{"line":137,"column":12},"end":{"line":137,"column":12}},{"start":{"line":137,"column":12},"end":{"line":137,"column":12}}]},"14":{"line":139,"type":"if","locations":[{"start":{"line":139,"column":16},"end":{"line":139,"column":16}},{"start":{"line":139,"column":16},"end":{"line":139,"column":16}}]},"15":{"line":139,"type":"binary-expr","locations":[{"start":{"line":139,"column":20},"end":{"line":139,"column":63}},{"start":{"line":139,"column":67},"end":{"line":139,"column":108}}]},"16":{"line":150,"type":"if","locations":[{"start":{"line":150,"column":20},"end":{"line":150,"column":20}},{"start":{"line":150,"column":20},"end":{"line":150,"column":20}}]},"17":{"line":176,"type":"if","locations":[{"start":{"line":176,"column":4},"end":{"line":176,"column":4}},{"start":{"line":176,"column":4},"end":{"line":176,"column":4}}]},"18":{"line":188,"type":"if","locations":[{"start":{"line":188,"column":4},"end":{"line":188,"column":4}},{"start":{"line":188,"column":4},"end":{"line":188,"column":4}}]},"19":{"line":200,"type":"if","locations":[{"start":{"line":200,"column":4},"end":{"line":200,"column":4}},{"start":{"line":200,"column":4},"end":{"line":200,"column":4}}]},"20":{"line":208,"type":"cond-expr","locations":[{"start":{"line":208,"column":76},"end":{"line":208,"column":105}},{"start":{"line":208,"column":108},"end":{"line":208,"column":110}}]},"21":{"line":208,"type":"binary-expr","locations":[{"start":{"line":208,"column":38},"end":{"line":208,"column":51}},{"start":{"line":208,"column":55},"end":{"line":208,"column":73}}]},"22":{"line":214,"type":"if","locations":[{"start":{"line":214,"column":4},"end":{"line":214,"column":4}},{"start":{"line":214,"column":4},"end":{"line":214,"column":4}}]},"23":{"line":245,"type":"if","locations":[{"start":{"line":245,"column":4},"end":{"line":245,"column":4}},{"start":{"line":245,"column":4},"end":{"line":245,"column":4}}]},"24":{"line":253,"type":"cond-expr","locations":[{"start":{"line":253,"column":43},"end":{"line":253,"column":61}},{"start":{"line":253,"column":64},"end":{"line":253,"column":65}}]},"25":{"line":254,"type":"cond-expr","locations":[{"start":{"line":254,"column":45},"end":{"line":254,"column":65}},{"start":{"line":254,"column":68},"end":{"line":254,"column":69}}]},"26":{"line":257,"type":"cond-expr","locations":[{"start":{"line":257,"column":32},"end":{"line":257,"column":43}},{"start":{"line":257,"column":46},"end":{"line":257,"column":48}}]},"27":{"line":261,"type":"if","locations":[{"start":{"line":261,"column":8},"end":{"line":261,"column":8}},{"start":{"line":261,"column":8},"end":{"line":261,"column":8}}]},"28":{"line":273,"type":"if","locations":[{"start":{"line":273,"column":4},"end":{"line":273,"column":4}},{"start":{"line":273,"column":4},"end":{"line":273,"column":4}}]},"29":{"line":283,"type":"cond-expr","locations":[{"start":{"line":283,"column":39},"end":{"line":283,"column":53}},{"start":{"line":283,"column":56},"end":{"line":283,"column":57}}]},"30":{"line":284,"type":"cond-expr","locations":[{"start":{"line":284,"column":43},"end":{"line":284,"column":61}},{"start":{"line":284,"column":64},"end":{"line":284,"column":65}}]},"31":{"line":285,"type":"cond-expr","locations":[{"start":{"line":285,"column":45},"end":{"line":285,"column":65}},{"start":{"line":285,"column":68},"end":{"line":285,"column":69}}]},"32":{"line":288,"type":"cond-expr","locations":[{"start":{"line":288,"column":32},"end":{"line":288,"column":43}},{"start":{"line":288,"column":46},"end":{"line":288,"column":48}}]},"33":{"line":292,"type":"if","locations":[{"start":{"line":292,"column":8},"end":{"line":292,"column":8}},{"start":{"line":292,"column":8},"end":{"line":292,"column":8}}]},"34":{"line":304,"type":"if","locations":[{"start":{"line":304,"column":4},"end":{"line":304,"column":4}},{"start":{"line":304,"column":4},"end":{"line":304,"column":4}}]},"35":{"line":328,"type":"if","locations":[{"start":{"line":328,"column":4},"end":{"line":328,"column":4}},{"start":{"line":328,"column":4},"end":{"line":328,"column":4}}]},"36":{"line":338,"type":"cond-expr","locations":[{"start":{"line":338,"column":39},"end":{"line":338,"column":53}},{"start":{"line":338,"column":56},"end":{"line":338,"column":57}}]},"37":{"line":339,"type":"cond-expr","locations":[{"start":{"line":339,"column":43},"end":{"line":339,"column":61}},{"start":{"line":339,"column":64},"end":{"line":339,"column":65}}]},"38":{"line":340,"type":"cond-expr","locations":[{"start":{"line":340,"column":45},"end":{"line":340,"column":65}},{"start":{"line":340,"column":68},"end":{"line":340,"column":69}}]},"39":{"line":343,"type":"cond-expr","locations":[{"start":{"line":343,"column":32},"end":{"line":343,"column":43}},{"start":{"line":343,"column":46},"end":{"line":343,"column":48}}]},"40":{"line":347,"type":"if","locations":[{"start":{"line":347,"column":8},"end":{"line":347,"column":8}},{"start":{"line":347,"column":8},"end":{"line":347,"column":8}}]},"41":{"line":365,"type":"if","locations":[{"start":{"line":365,"column":4},"end":{"line":365,"column":4}},{"start":{"line":365,"column":4},"end":{"line":365,"column":4}}]}}}}