{"/Users/marcooliveira/Documents/playground/indigounited/dev/node-couchnode/index.js":{"path":"/Users/marcooliveira/Documents/playground/indigounited/dev/node-couchnode/index.js","s":{"1":1},"b":{},"f":{},"fnMap":{},"statementMap":{"1":{"start":{"line":1,"column":0},"end":{"line":1,"column":41}}},"branchMap":{}},"/Users/marcooliveira/Documents/playground/indigounited/dev/node-couchnode/lib/bucket.js":{"path":"/Users/marcooliveira/Documents/playground/indigounited/dev/node-couchnode/lib/bucket.js","s":{"1":1,"2":1,"3":1,"4":1,"5":13,"6":1,"7":125,"8":1,"9":50,"10":0,"11":50,"12":50,"13":43,"14":7,"15":1,"16":50,"17":50,"18":125,"19":125,"20":125,"21":28,"22":24,"23":4,"24":2,"25":2,"26":4,"27":97,"28":50,"29":1,"30":28,"31":28,"32":6,"33":6,"34":6,"35":1,"36":143,"37":1,"38":1,"39":1,"40":1,"41":1,"42":1,"43":30,"44":30,"45":0,"46":0,"47":0,"48":0,"49":0,"50":30,"51":30,"52":30,"53":30,"54":72,"55":27,"56":27,"57":27,"58":0,"59":0,"60":0,"61":0,"62":0,"63":45,"64":30,"65":1,"66":13,"67":13,"68":13,"69":13,"70":33,"71":1,"72":4,"73":4,"74":4,"75":4,"76":11,"77":1,"78":0,"79":0,"80":0,"81":0,"82":0,"83":0,"84":1,"85":1,"86":0,"87":0,"88":1,"89":1,"90":1,"91":1,"92":1,"93":1,"94":0,"95":1,"96":7,"97":4,"98":4,"99":7,"100":7,"101":7,"102":7,"103":18,"104":5,"105":13,"106":18,"107":1,"108":7,"109":4,"110":4,"111":7,"112":7,"113":7,"114":7,"115":7,"116":18,"117":5,"118":13,"119":18,"120":1,"121":4,"122":4,"123":4,"124":4,"125":11,"126":1,"127":7,"128":7,"129":7,"130":18,"131":1,"132":7,"133":4,"134":4,"135":7,"136":7,"137":7,"138":7,"139":7,"140":15,"141":5,"142":10,"143":15,"144":1,"145":13,"146":1,"147":0,"148":0,"149":0,"150":0,"151":0,"152":0,"153":0},"b":{"1":[0,50],"2":[43,7],"3":[28,97],"4":[24,4],"5":[28,4],"6":[2,2],"7":[6,22],"8":[28,12,6],"9":[90,53],"10":[0,30],"11":[30,0],"12":[0,0],"13":[27,45],"14":[27,0],"15":[27,0],"16":[0,0],"17":[13,0],"18":[4,0],"19":[0,0],"20":[0,0],"21":[0,0],"22":[0,1],"23":[4,3],"24":[0,7],"25":[0,7],"26":[3,4],"27":[5,13],"28":[4,3],"29":[0,7],"30":[0,7],"31":[0,7],"32":[3,4],"33":[5,13],"34":[4,0],"35":[4,3],"36":[0,7],"37":[0,7],"38":[0,7],"39":[3,4],"40":[5,10],"41":[0,0]},"f":{"1":13,"2":125,"3":50,"4":50,"5":50,"6":28,"7":143,"8":1,"9":1,"10":30,"11":30,"12":13,"13":33,"14":4,"15":11,"16":0,"17":0,"18":1,"19":1,"20":1,"21":0,"22":7,"23":18,"24":7,"25":18,"26":4,"27":11,"28":7,"29":18,"30":7,"31":15,"32":13,"33":0},"fnMap":{"1":{"name":"(anonymous_1)","line":7,"loc":{"start":{"line":7,"column":13},"end":{"line":7,"column":31}}},"2":{"name":"_handleResult","line":13,"loc":{"start":{"line":13,"column":0},"end":{"line":13,"column":43}}},"3":{"name":"_handleMultiResults","line":20,"loc":{"start":{"line":20,"column":0},"end":{"line":20,"column":74}}},"4":{"name":"__handleMapKeysToResults","line":27,"loc":{"start":{"line":27,"column":44},"end":{"line":27,"column":96}}},"5":{"name":"_mapKeysToResults","line":38,"loc":{"start":{"line":38,"column":0},"end":{"line":38,"column":52}}},"6":{"name":"_indexProperty","line":85,"loc":{"start":{"line":85,"column":0},"end":{"line":85,"column":49}}},"7":{"name":"_array","line":97,"loc":{"start":{"line":97,"column":0},"end":{"line":97,"column":19}}},"8":{"name":"(anonymous_8)","line":105,"loc":{"start":{"line":105,"column":26},"end":{"line":105,"column":70}}},"9":{"name":"(anonymous_9)","line":110,"loc":{"start":{"line":110,"column":27},"end":{"line":110,"column":68}}},"10":{"name":"(anonymous_10)","line":115,"loc":{"start":{"line":115,"column":23},"end":{"line":115,"column":49}}},"11":{"name":"__handleGetMulti","line":117,"loc":{"start":{"line":117,"column":40},"end":{"line":117,"column":77}}},"12":{"name":"(anonymous_12)","line":179,"loc":{"start":{"line":179,"column":30},"end":{"line":179,"column":65}}},"13":{"name":"__handleMap","line":186,"loc":{"start":{"line":186,"column":28},"end":{"line":186,"column":60}}},"14":{"name":"(anonymous_14)","line":191,"loc":{"start":{"line":191,"column":31},"end":{"line":191,"column":74}}},"15":{"name":"__handleMap","line":198,"loc":{"start":{"line":198,"column":28},"end":{"line":198,"column":60}}},"16":{"name":"(anonymous_16)","line":203,"loc":{"start":{"line":203,"column":30},"end":{"line":203,"column":65}}},"17":{"name":"__handleMap","line":212,"loc":{"start":{"line":212,"column":28},"end":{"line":212,"column":60}}},"18":{"name":"(anonymous_18)","line":217,"loc":{"start":{"line":217,"column":26},"end":{"line":217,"column":63}}},"19":{"name":"__handleMap","line":226,"loc":{"start":{"line":226,"column":20},"end":{"line":226,"column":52}}},"20":{"name":"(anonymous_20)","line":231,"loc":{"start":{"line":231,"column":27},"end":{"line":231,"column":71}}},"21":{"name":"(anonymous_21)","line":236,"loc":{"start":{"line":236,"column":25},"end":{"line":236,"column":60}}},"22":{"name":"(anonymous_22)","line":248,"loc":{"start":{"line":248,"column":26},"end":{"line":248,"column":61}}},"23":{"name":"__handleMap","line":264,"loc":{"start":{"line":264,"column":28},"end":{"line":264,"column":60}}},"24":{"name":"(anonymous_24)","line":276,"loc":{"start":{"line":276,"column":27},"end":{"line":276,"column":64}}},"25":{"name":"__handleMap","line":295,"loc":{"start":{"line":295,"column":20},"end":{"line":295,"column":52}}},"26":{"name":"(anonymous_26)","line":307,"loc":{"start":{"line":307,"column":25},"end":{"line":307,"column":68}}},"27":{"name":"__handleMap","line":314,"loc":{"start":{"line":314,"column":28},"end":{"line":314,"column":60}}},"28":{"name":"(anonymous_28)","line":319,"loc":{"start":{"line":319,"column":26},"end":{"line":319,"column":57}}},"29":{"name":"__handleEach","line":326,"loc":{"start":{"line":326,"column":28},"end":{"line":326,"column":61}}},"30":{"name":"(anonymous_30)","line":332,"loc":{"start":{"line":332,"column":26},"end":{"line":332,"column":63}}},"31":{"name":"__handleMap","line":351,"loc":{"start":{"line":351,"column":20},"end":{"line":351,"column":52}}},"32":{"name":"(anonymous_32)","line":363,"loc":{"start":{"line":363,"column":22},"end":{"line":363,"column":40}}},"33":{"name":"(anonymous_33)","line":367,"loc":{"start":{"line":367,"column":23},"end":{"line":367,"column":39}}}},"statementMap":{"1":{"start":{"line":3,"column":0},"end":{"line":3,"column":39}},"2":{"start":{"line":4,"column":0},"end":{"line":4,"column":43}},"3":{"start":{"line":5,"column":0},"end":{"line":5,"column":32}},"4":{"start":{"line":7,"column":0},"end":{"line":9,"column":2}},"5":{"start":{"line":8,"column":4},"end":{"line":8,"column":26}},"6":{"start":{"line":13,"column":0},"end":{"line":18,"column":1}},"7":{"start":{"line":14,"column":4},"end":{"line":17,"column":8}},"8":{"start":{"line":20,"column":0},"end":{"line":36,"column":1}},"9":{"start":{"line":22,"column":4},"end":{"line":25,"column":5}},"10":{"start":{"line":23,"column":8},"end":{"line":23,"column":18}},"11":{"start":{"line":27,"column":4},"end":{"line":35,"column":7}},"12":{"start":{"line":29,"column":8},"end":{"line":31,"column":9}},"13":{"start":{"line":30,"column":12},"end":{"line":30,"column":71}},"14":{"start":{"line":34,"column":8},"end":{"line":34,"column":62}},"15":{"start":{"line":38,"column":0},"end":{"line":82,"column":1}},"16":{"start":{"line":39,"column":4},"end":{"line":46,"column":25}},"17":{"start":{"line":48,"column":4},"end":{"line":69,"column":5}},"18":{"start":{"line":49,"column":8},"end":{"line":49,"column":25}},"19":{"start":{"line":50,"column":8},"end":{"line":50,"column":23}},"20":{"start":{"line":52,"column":8},"end":{"line":68,"column":9}},"21":{"start":{"line":54,"column":12},"end":{"line":65,"column":13}},"22":{"start":{"line":55,"column":16},"end":{"line":55,"column":31}},"23":{"start":{"line":58,"column":16},"end":{"line":61,"column":17}},"24":{"start":{"line":59,"column":20},"end":{"line":59,"column":111}},"25":{"start":{"line":60,"column":20},"end":{"line":60,"column":36}},"26":{"start":{"line":64,"column":16},"end":{"line":64,"column":40}},"27":{"start":{"line":67,"column":12},"end":{"line":67,"column":30}},"28":{"start":{"line":81,"column":4},"end":{"line":81,"column":63}},"29":{"start":{"line":85,"column":0},"end":{"line":95,"column":1}},"30":{"start":{"line":86,"column":4},"end":{"line":86,"column":24}},"31":{"start":{"line":89,"column":4},"end":{"line":94,"column":5}},"32":{"start":{"line":90,"column":8},"end":{"line":90,"column":37}},"33":{"start":{"line":92,"column":8},"end":{"line":92,"column":40}},"34":{"start":{"line":93,"column":8},"end":{"line":93,"column":42}},"35":{"start":{"line":97,"column":0},"end":{"line":99,"column":1}},"36":{"start":{"line":98,"column":4},"end":{"line":98,"column":32}},"37":{"start":{"line":103,"column":0},"end":{"line":103,"column":35}},"38":{"start":{"line":105,"column":0},"end":{"line":108,"column":2}},"39":{"start":{"line":107,"column":4},"end":{"line":107,"column":65}},"40":{"start":{"line":110,"column":0},"end":{"line":113,"column":2}},"41":{"start":{"line":112,"column":4},"end":{"line":112,"column":63}},"42":{"start":{"line":115,"column":0},"end":{"line":177,"column":2}},"43":{"start":{"line":117,"column":4},"end":{"line":176,"column":7}},"44":{"start":{"line":118,"column":8},"end":{"line":128,"column":9}},"45":{"start":{"line":121,"column":12},"end":{"line":125,"column":13}},"46":{"start":{"line":122,"column":16},"end":{"line":122,"column":40}},"47":{"start":{"line":123,"column":16},"end":{"line":123,"column":170}},"48":{"start":{"line":124,"column":16},"end":{"line":124,"column":50}},"49":{"start":{"line":127,"column":12},"end":{"line":127,"column":58}},"50":{"start":{"line":130,"column":8},"end":{"line":132,"column":9}},"51":{"start":{"line":135,"column":8},"end":{"line":135,"column":24}},"52":{"start":{"line":138,"column":8},"end":{"line":138,"column":30}},"53":{"start":{"line":140,"column":8},"end":{"line":168,"column":9}},"54":{"start":{"line":142,"column":12},"end":{"line":167,"column":13}},"55":{"start":{"line":144,"column":16},"end":{"line":163,"column":17}},"56":{"start":{"line":149,"column":20},"end":{"line":149,"column":35}},"57":{"start":{"line":150,"column":20},"end":{"line":150,"column":34}},"58":{"start":{"line":155,"column":20},"end":{"line":158,"column":21}},"59":{"start":{"line":156,"column":24},"end":{"line":156,"column":115}},"60":{"start":{"line":157,"column":24},"end":{"line":157,"column":47}},"61":{"start":{"line":161,"column":20},"end":{"line":161,"column":57}},"62":{"start":{"line":162,"column":20},"end":{"line":162,"column":41}},"63":{"start":{"line":166,"column":16},"end":{"line":166,"column":33}},"64":{"start":{"line":175,"column":8},"end":{"line":175,"column":74}},"65":{"start":{"line":179,"column":0},"end":{"line":189,"column":2}},"66":{"start":{"line":181,"column":4},"end":{"line":184,"column":5}},"67":{"start":{"line":182,"column":8},"end":{"line":182,"column":27}},"68":{"start":{"line":183,"column":8},"end":{"line":183,"column":22}},"69":{"start":{"line":186,"column":4},"end":{"line":188,"column":72}},"70":{"start":{"line":187,"column":8},"end":{"line":187,"column":85}},"71":{"start":{"line":191,"column":0},"end":{"line":201,"column":2}},"72":{"start":{"line":193,"column":4},"end":{"line":196,"column":5}},"73":{"start":{"line":194,"column":8},"end":{"line":194,"column":27}},"74":{"start":{"line":195,"column":8},"end":{"line":195,"column":22}},"75":{"start":{"line":198,"column":4},"end":{"line":200,"column":72}},"76":{"start":{"line":199,"column":8},"end":{"line":199,"column":87}},"77":{"start":{"line":203,"column":0},"end":{"line":215,"column":2}},"78":{"start":{"line":205,"column":4},"end":{"line":208,"column":5}},"79":{"start":{"line":206,"column":8},"end":{"line":206,"column":27}},"80":{"start":{"line":207,"column":8},"end":{"line":207,"column":22}},"81":{"start":{"line":210,"column":4},"end":{"line":210,"column":43}},"82":{"start":{"line":212,"column":4},"end":{"line":214,"column":72}},"83":{"start":{"line":213,"column":8},"end":{"line":213,"column":145}},"84":{"start":{"line":217,"column":0},"end":{"line":229,"column":2}},"85":{"start":{"line":219,"column":4},"end":{"line":222,"column":5}},"86":{"start":{"line":220,"column":8},"end":{"line":220,"column":27}},"87":{"start":{"line":221,"column":8},"end":{"line":221,"column":22}},"88":{"start":{"line":224,"column":4},"end":{"line":224,"column":35}},"89":{"start":{"line":226,"column":4},"end":{"line":228,"column":72}},"90":{"start":{"line":227,"column":8},"end":{"line":227,"column":87}},"91":{"start":{"line":231,"column":0},"end":{"line":234,"column":2}},"92":{"start":{"line":233,"column":4},"end":{"line":233,"column":66}},"93":{"start":{"line":236,"column":0},"end":{"line":239,"column":2}},"94":{"start":{"line":238,"column":4},"end":{"line":238,"column":55}},"95":{"start":{"line":248,"column":0},"end":{"line":274,"column":2}},"96":{"start":{"line":250,"column":4},"end":{"line":253,"column":5}},"97":{"start":{"line":251,"column":8},"end":{"line":251,"column":27}},"98":{"start":{"line":252,"column":8},"end":{"line":252,"column":22}},"99":{"start":{"line":255,"column":4},"end":{"line":255,"column":41}},"100":{"start":{"line":257,"column":4},"end":{"line":260,"column":6}},"101":{"start":{"line":262,"column":4},"end":{"line":262,"column":49}},"102":{"start":{"line":264,"column":4},"end":{"line":273,"column":72}},"103":{"start":{"line":266,"column":8},"end":{"line":270,"column":9}},"104":{"start":{"line":267,"column":12},"end":{"line":267,"column":39}},"105":{"start":{"line":269,"column":12},"end":{"line":269,"column":27}},"106":{"start":{"line":272,"column":8},"end":{"line":272,"column":70}},"107":{"start":{"line":276,"column":0},"end":{"line":305,"column":2}},"108":{"start":{"line":278,"column":4},"end":{"line":281,"column":5}},"109":{"start":{"line":279,"column":8},"end":{"line":279,"column":27}},"110":{"start":{"line":280,"column":8},"end":{"line":280,"column":22}},"111":{"start":{"line":283,"column":4},"end":{"line":283,"column":35}},"112":{"start":{"line":285,"column":4},"end":{"line":285,"column":41}},"113":{"start":{"line":287,"column":4},"end":{"line":291,"column":6}},"114":{"start":{"line":293,"column":4},"end":{"line":293,"column":49}},"115":{"start":{"line":295,"column":4},"end":{"line":304,"column":72}},"116":{"start":{"line":297,"column":8},"end":{"line":301,"column":9}},"117":{"start":{"line":298,"column":12},"end":{"line":298,"column":39}},"118":{"start":{"line":300,"column":12},"end":{"line":300,"column":27}},"119":{"start":{"line":303,"column":8},"end":{"line":303,"column":84}},"120":{"start":{"line":307,"column":0},"end":{"line":317,"column":2}},"121":{"start":{"line":309,"column":4},"end":{"line":312,"column":5}},"122":{"start":{"line":310,"column":8},"end":{"line":310,"column":27}},"123":{"start":{"line":311,"column":8},"end":{"line":311,"column":22}},"124":{"start":{"line":314,"column":4},"end":{"line":316,"column":72}},"125":{"start":{"line":315,"column":8},"end":{"line":315,"column":81}},"126":{"start":{"line":319,"column":0},"end":{"line":330,"column":2}},"127":{"start":{"line":322,"column":4},"end":{"line":322,"column":30}},"128":{"start":{"line":324,"column":4},"end":{"line":324,"column":40}},"129":{"start":{"line":326,"column":4},"end":{"line":329,"column":73}},"130":{"start":{"line":328,"column":8},"end":{"line":328,"column":82}},"131":{"start":{"line":332,"column":0},"end":{"line":361,"column":2}},"132":{"start":{"line":334,"column":4},"end":{"line":337,"column":5}},"133":{"start":{"line":335,"column":8},"end":{"line":335,"column":27}},"134":{"start":{"line":336,"column":8},"end":{"line":336,"column":22}},"135":{"start":{"line":339,"column":4},"end":{"line":339,"column":35}},"136":{"start":{"line":341,"column":4},"end":{"line":341,"column":41}},"137":{"start":{"line":343,"column":4},"end":{"line":347,"column":6}},"138":{"start":{"line":349,"column":4},"end":{"line":349,"column":49}},"139":{"start":{"line":351,"column":4},"end":{"line":360,"column":72}},"140":{"start":{"line":353,"column":8},"end":{"line":357,"column":9}},"141":{"start":{"line":354,"column":12},"end":{"line":354,"column":39}},"142":{"start":{"line":356,"column":12},"end":{"line":356,"column":27}},"143":{"start":{"line":359,"column":8},"end":{"line":359,"column":83}},"144":{"start":{"line":363,"column":0},"end":{"line":365,"column":2}},"145":{"start":{"line":364,"column":4},"end":{"line":364,"column":30}},"146":{"start":{"line":367,"column":0},"end":{"line":383,"column":2}},"147":{"start":{"line":368,"column":4},"end":{"line":368,"column":17}},"148":{"start":{"line":371,"column":4},"end":{"line":377,"column":5}},"149":{"start":{"line":372,"column":8},"end":{"line":374,"column":9}},"150":{"start":{"line":373,"column":12},"end":{"line":373,"column":29}},"151":{"start":{"line":376,"column":8},"end":{"line":376,"column":19}},"152":{"start":{"line":380,"column":4},"end":{"line":380,"column":15}},"153":{"start":{"line":382,"column":4},"end":{"line":382,"column":15}}},"branchMap":{"1":{"line":22,"type":"if","locations":[{"start":{"line":22,"column":4},"end":{"line":22,"column":4}},{"start":{"line":22,"column":4},"end":{"line":22,"column":4}}]},"2":{"line":29,"type":"if","locations":[{"start":{"line":29,"column":8},"end":{"line":29,"column":8}},{"start":{"line":29,"column":8},"end":{"line":29,"column":8}}]},"3":{"line":52,"type":"if","locations":[{"start":{"line":52,"column":8},"end":{"line":52,"column":8}},{"start":{"line":52,"column":8},"end":{"line":52,"column":8}}]},"4":{"line":54,"type":"if","locations":[{"start":{"line":54,"column":12},"end":{"line":54,"column":12}},{"start":{"line":54,"column":12},"end":{"line":54,"column":12}}]},"5":{"line":54,"type":"binary-expr","locations":[{"start":{"line":54,"column":16},"end":{"line":54,"column":53}},{"start":{"line":54,"column":57},"end":{"line":54,"column":92}}]},"6":{"line":58,"type":"if","locations":[{"start":{"line":58,"column":16},"end":{"line":58,"column":16}},{"start":{"line":58,"column":16},"end":{"line":58,"column":16}}]},"7":{"line":89,"type":"if","locations":[{"start":{"line":89,"column":4},"end":{"line":89,"column":4}},{"start":{"line":89,"column":4},"end":{"line":89,"column":4}}]},"8":{"line":89,"type":"binary-expr","locations":[{"start":{"line":89,"column":9},"end":{"line":89,"column":26}},{"start":{"line":89,"column":31},"end":{"line":89,"column":48}},{"start":{"line":89,"column":52},"end":{"line":89,"column":79}}]},"9":{"line":98,"type":"cond-expr","locations":[{"start":{"line":98,"column":24},"end":{"line":98,"column":25}},{"start":{"line":98,"column":28},"end":{"line":98,"column":31}}]},"10":{"line":118,"type":"if","locations":[{"start":{"line":118,"column":8},"end":{"line":118,"column":8}},{"start":{"line":118,"column":8},"end":{"line":118,"column":8}}]},"11":{"line":118,"type":"binary-expr","locations":[{"start":{"line":118,"column":12},"end":{"line":118,"column":17}},{"start":{"line":118,"column":21},"end":{"line":118,"column":24}}]},"12":{"line":121,"type":"if","locations":[{"start":{"line":121,"column":12},"end":{"line":121,"column":12}},{"start":{"line":121,"column":12},"end":{"line":121,"column":12}}]},"13":{"line":142,"type":"if","locations":[{"start":{"line":142,"column":12},"end":{"line":142,"column":12}},{"start":{"line":142,"column":12},"end":{"line":142,"column":12}}]},"14":{"line":144,"type":"if","locations":[{"start":{"line":144,"column":16},"end":{"line":144,"column":16}},{"start":{"line":144,"column":16},"end":{"line":144,"column":16}}]},"15":{"line":144,"type":"binary-expr","locations":[{"start":{"line":144,"column":20},"end":{"line":144,"column":63}},{"start":{"line":144,"column":67},"end":{"line":144,"column":108}}]},"16":{"line":155,"type":"if","locations":[{"start":{"line":155,"column":20},"end":{"line":155,"column":20}},{"start":{"line":155,"column":20},"end":{"line":155,"column":20}}]},"17":{"line":181,"type":"if","locations":[{"start":{"line":181,"column":4},"end":{"line":181,"column":4}},{"start":{"line":181,"column":4},"end":{"line":181,"column":4}}]},"18":{"line":193,"type":"if","locations":[{"start":{"line":193,"column":4},"end":{"line":193,"column":4}},{"start":{"line":193,"column":4},"end":{"line":193,"column":4}}]},"19":{"line":205,"type":"if","locations":[{"start":{"line":205,"column":4},"end":{"line":205,"column":4}},{"start":{"line":205,"column":4},"end":{"line":205,"column":4}}]},"20":{"line":213,"type":"cond-expr","locations":[{"start":{"line":213,"column":76},"end":{"line":213,"column":105}},{"start":{"line":213,"column":108},"end":{"line":213,"column":110}}]},"21":{"line":213,"type":"binary-expr","locations":[{"start":{"line":213,"column":38},"end":{"line":213,"column":51}},{"start":{"line":213,"column":55},"end":{"line":213,"column":73}}]},"22":{"line":219,"type":"if","locations":[{"start":{"line":219,"column":4},"end":{"line":219,"column":4}},{"start":{"line":219,"column":4},"end":{"line":219,"column":4}}]},"23":{"line":250,"type":"if","locations":[{"start":{"line":250,"column":4},"end":{"line":250,"column":4}},{"start":{"line":250,"column":4},"end":{"line":250,"column":4}}]},"24":{"line":258,"type":"cond-expr","locations":[{"start":{"line":258,"column":43},"end":{"line":258,"column":61}},{"start":{"line":258,"column":64},"end":{"line":258,"column":65}}]},"25":{"line":259,"type":"cond-expr","locations":[{"start":{"line":259,"column":45},"end":{"line":259,"column":65}},{"start":{"line":259,"column":68},"end":{"line":259,"column":69}}]},"26":{"line":262,"type":"cond-expr","locations":[{"start":{"line":262,"column":32},"end":{"line":262,"column":43}},{"start":{"line":262,"column":46},"end":{"line":262,"column":48}}]},"27":{"line":266,"type":"if","locations":[{"start":{"line":266,"column":8},"end":{"line":266,"column":8}},{"start":{"line":266,"column":8},"end":{"line":266,"column":8}}]},"28":{"line":278,"type":"if","locations":[{"start":{"line":278,"column":4},"end":{"line":278,"column":4}},{"start":{"line":278,"column":4},"end":{"line":278,"column":4}}]},"29":{"line":288,"type":"cond-expr","locations":[{"start":{"line":288,"column":39},"end":{"line":288,"column":53}},{"start":{"line":288,"column":56},"end":{"line":288,"column":57}}]},"30":{"line":289,"type":"cond-expr","locations":[{"start":{"line":289,"column":43},"end":{"line":289,"column":61}},{"start":{"line":289,"column":64},"end":{"line":289,"column":65}}]},"31":{"line":290,"type":"cond-expr","locations":[{"start":{"line":290,"column":45},"end":{"line":290,"column":65}},{"start":{"line":290,"column":68},"end":{"line":290,"column":69}}]},"32":{"line":293,"type":"cond-expr","locations":[{"start":{"line":293,"column":32},"end":{"line":293,"column":43}},{"start":{"line":293,"column":46},"end":{"line":293,"column":48}}]},"33":{"line":297,"type":"if","locations":[{"start":{"line":297,"column":8},"end":{"line":297,"column":8}},{"start":{"line":297,"column":8},"end":{"line":297,"column":8}}]},"34":{"line":309,"type":"if","locations":[{"start":{"line":309,"column":4},"end":{"line":309,"column":4}},{"start":{"line":309,"column":4},"end":{"line":309,"column":4}}]},"35":{"line":334,"type":"if","locations":[{"start":{"line":334,"column":4},"end":{"line":334,"column":4}},{"start":{"line":334,"column":4},"end":{"line":334,"column":4}}]},"36":{"line":344,"type":"cond-expr","locations":[{"start":{"line":344,"column":39},"end":{"line":344,"column":53}},{"start":{"line":344,"column":56},"end":{"line":344,"column":57}}]},"37":{"line":345,"type":"cond-expr","locations":[{"start":{"line":345,"column":43},"end":{"line":345,"column":61}},{"start":{"line":345,"column":64},"end":{"line":345,"column":65}}]},"38":{"line":346,"type":"cond-expr","locations":[{"start":{"line":346,"column":45},"end":{"line":346,"column":65}},{"start":{"line":346,"column":68},"end":{"line":346,"column":69}}]},"39":{"line":349,"type":"cond-expr","locations":[{"start":{"line":349,"column":32},"end":{"line":349,"column":43}},{"start":{"line":349,"column":46},"end":{"line":349,"column":48}}]},"40":{"line":353,"type":"if","locations":[{"start":{"line":353,"column":8},"end":{"line":353,"column":8}},{"start":{"line":353,"column":8},"end":{"line":353,"column":8}}]},"41":{"line":371,"type":"if","locations":[{"start":{"line":371,"column":4},"end":{"line":371,"column":4}},{"start":{"line":371,"column":4},"end":{"line":371,"column":4}}]}}}}