TN:
SF:/Users/marcooliveira/Documents/playground/indigounited/dev/node-couchnode/index.js
FNF:0
FNH:0
DA:1,1
LF:1
LH:1
BRF:0
BRH:0
end_of_record
TN:
SF:/Users/marcooliveira/Documents/playground/indigounited/dev/node-couchnode/lib/bucket.js
FN:7,(anonymous_1)
FN:13,_mapKeysToResults
FN:30,_handleResults
FN:38,_indexCas
FN:48,_array
FN:54,(anonymous_6)
FN:59,(anonymous_7)
FN:64,(anonymous_8)
FN:66,__handleGetMulti
FN:101,(anonymous_10)
FN:108,__handleMap
FN:113,(anonymous_12)
FN:120,__handleMap
FN:125,(anonymous_14)
FN:132,__handleMap
FN:137,(anonymous_16)
FN:144,__handleEach
FN:149,(anonymous_18)
FN:154,(anonymous_19)
FN:166,(anonymous_20)
FN:182,__handleMap
FN:190,__handleRemoveKey
FN:203,(anonymous_23)
FN:223,__handleEach
FN:235,(anonymous_25)
FN:242,__handleEach
FN:247,(anonymous_27)
FN:258,__handleEach
FN:263,(anonymous_29)
FN:282,__handleEach
FN:294,(anonymous_31)
FN:298,(anonymous_32)
FNF:32
FNH:7
FNDA:3,(anonymous_1)
FNDA:0,_mapKeysToResults
FNDA:0,_handleResults
FNDA:0,_indexCas
FNDA:6,_array
FNDA:1,(anonymous_6)
FNDA:1,(anonymous_7)
FNDA:6,(anonymous_8)
FNDA:6,__handleGetMulti
FNDA:0,(anonymous_10)
FNDA:0,__handleMap
FNDA:0,(anonymous_12)
FNDA:0,__handleMap
FNDA:0,(anonymous_14)
FNDA:0,__handleMap
FNDA:0,(anonymous_16)
FNDA:0,__handleEach
FNDA:0,(anonymous_18)
FNDA:0,(anonymous_19)
FNDA:0,(anonymous_20)
FNDA:0,__handleMap
FNDA:0,__handleRemoveKey
FNDA:0,(anonymous_23)
FNDA:0,__handleEach
FNDA:0,(anonymous_25)
FNDA:0,__handleEach
FNDA:0,(anonymous_27)
FNDA:0,__handleEach
FNDA:0,(anonymous_29)
FNDA:0,__handleEach
FNDA:3,(anonymous_31)
FNDA:0,(anonymous_32)
DA:3,1
DA:4,1
DA:5,1
DA:7,1
DA:8,3
DA:13,1
DA:14,0
DA:19,0
DA:20,0
DA:23,0
DA:24,0
DA:27,0
DA:30,1
DA:31,0
DA:32,0
DA:35,0
DA:38,1
DA:40,0
DA:41,0
DA:43,0
DA:44,0
DA:48,1
DA:49,6
DA:54,1
DA:56,1
DA:59,1
DA:61,1
DA:64,1
DA:66,6
DA:67,6
DA:68,0
DA:71,6
DA:75,6
DA:77,13
DA:79,4
DA:81,4
DA:84,0
DA:88,9
DA:93,6
DA:94,4
DA:97,6
DA:101,1
DA:103,0
DA:104,0
DA:105,0
DA:108,0
DA:109,0
DA:113,1
DA:115,0
DA:116,0
DA:117,0
DA:120,0
DA:121,0
DA:125,1
DA:127,0
DA:128,0
DA:129,0
DA:132,0
DA:133,0
DA:137,1
DA:139,0
DA:140,0
DA:141,0
DA:144,0
DA:145,0
DA:149,1
DA:151,0
DA:154,1
DA:156,0
DA:166,1
DA:168,0
DA:169,0
DA:170,0
DA:173,0
DA:175,0
DA:180,0
DA:182,0
DA:184,0
DA:185,0
DA:187,0
DA:190,0
DA:193,0
DA:194,0
DA:198,0
DA:203,1
DA:205,0
DA:206,0
DA:207,0
DA:210,0
DA:212,0
DA:214,0
DA:220,0
DA:223,0
DA:225,0
DA:226,0
DA:228,0
DA:231,0
DA:235,1
DA:237,0
DA:238,0
DA:239,0
DA:242,0
DA:243,0
DA:247,1
DA:249,0
DA:250,0
DA:251,0
DA:254,0
DA:256,0
DA:258,0
DA:259,0
DA:263,1
DA:265,0
DA:266,0
DA:267,0
DA:270,0
DA:272,0
DA:274,0
DA:280,0
DA:282,0
DA:284,0
DA:285,0
DA:287,0
DA:290,0
DA:294,1
DA:295,3
DA:298,1
DA:299,0
DA:302,0
DA:303,0
DA:304,0
DA:307,0
DA:311,0
DA:313,0
LF:134
LH:40
BRDA:23,1,0,0
BRDA:23,1,1,0
BRDA:31,2,0,0
BRDA:31,2,1,0
BRDA:40,3,0,0
BRDA:40,3,1,0
BRDA:40,4,0,0
BRDA:40,4,1,0
BRDA:40,4,2,0
BRDA:40,4,3,0
BRDA:49,5,0,2
BRDA:49,5,1,4
BRDA:67,6,0,0
BRDA:67,6,1,6
BRDA:67,7,0,6
BRDA:67,7,1,0
BRDA:77,8,0,4
BRDA:77,8,1,9
BRDA:79,9,0,4
BRDA:79,9,1,0
BRDA:79,10,0,4
BRDA:79,10,1,0
BRDA:93,11,0,4
BRDA:93,11,1,2
BRDA:103,12,0,0
BRDA:103,12,1,0
BRDA:115,13,0,0
BRDA:115,13,1,0
BRDA:127,14,0,0
BRDA:127,14,1,0
BRDA:133,15,0,0
BRDA:133,15,1,0
BRDA:133,16,0,0
BRDA:133,16,1,0
BRDA:139,17,0,0
BRDA:139,17,1,0
BRDA:168,18,0,0
BRDA:168,18,1,0
BRDA:176,19,0,0
BRDA:176,19,1,0
BRDA:177,20,0,0
BRDA:177,20,1,0
BRDA:180,21,0,0
BRDA:180,21,1,0
BRDA:184,22,0,0
BRDA:184,22,1,0
BRDA:193,23,0,0
BRDA:193,23,1,0
BRDA:193,24,0,0
BRDA:193,24,1,0
BRDA:205,25,0,0
BRDA:205,25,1,0
BRDA:215,26,0,0
BRDA:215,26,1,0
BRDA:216,27,0,0
BRDA:216,27,1,0
BRDA:217,28,0,0
BRDA:217,28,1,0
BRDA:220,29,0,0
BRDA:220,29,1,0
BRDA:225,30,0,0
BRDA:225,30,1,0
BRDA:237,31,0,0
BRDA:237,31,1,0
BRDA:249,32,0,0
BRDA:249,32,1,0
BRDA:256,33,0,0
BRDA:256,33,1,0
BRDA:259,34,0,0
BRDA:259,34,1,0
BRDA:265,35,0,0
BRDA:265,35,1,0
BRDA:275,36,0,0
BRDA:275,36,1,0
BRDA:276,37,0,0
BRDA:276,37,1,0
BRDA:277,38,0,0
BRDA:277,38,1,0
BRDA:280,39,0,0
BRDA:280,39,1,0
BRDA:284,40,0,0
BRDA:284,40,1,0
BRDA:302,41,0,0
BRDA:302,41,1,0
BRF:84
BRH:10
end_of_record
