TN:
SF:/Users/marcooliveira/Documents/playground/indigounited/dev/node-couchnode/index.js
FNF:0
FNH:0
DA:1,1
LF:1
LH:1
BRF:0
BRH:0
end_of_record
TN:
SF:/Users/marcooliveira/Documents/playground/indigounited/dev/node-couchnode/lib/bucket.js
FN:7,(anonymous_1)
FN:13,_handleResult
FN:20,_handleMultiResults
FN:27,__handleMapKeysToResults
FN:38,_mapKeysToResults
FN:85,_indexProperty
FN:95,_array
FN:103,(anonymous_8)
FN:108,(anonymous_9)
FN:113,(anonymous_10)
FN:115,__handleGetMulti
FN:174,(anonymous_12)
FN:181,__handleMap
FN:186,(anonymous_14)
FN:193,__handleMap
FN:198,(anonymous_16)
FN:207,__handleMap
FN:212,(anonymous_18)
FN:221,__handleMap
FN:226,(anonymous_20)
FN:231,(anonymous_21)
FN:243,(anonymous_22)
FN:259,__handleMap
FN:271,(anonymous_24)
FN:290,__handleMap
FN:302,(anonymous_26)
FN:309,__handleMap
FN:314,(anonymous_28)
FN:321,__handleEach
FN:326,(anonymous_30)
FN:345,__handleMap
FN:357,(anonymous_32)
FN:361,(anonymous_33)
FNF:33
FNH:27
FNDA:11,(anonymous_1)
FNDA:90,_handleResult
FNDA:35,_handleMultiResults
FNDA:35,__handleMapKeysToResults
FNDA:35,_mapKeysToResults
FNDA:19,_indexProperty
FNDA:85,_array
FNDA:1,(anonymous_8)
FNDA:1,(anonymous_9)
FNDA:24,(anonymous_10)
FNDA:24,__handleGetMulti
FNDA:8,(anonymous_12)
FNDA:21,__handleMap
FNDA:4,(anonymous_14)
FNDA:11,__handleMap
FNDA:0,(anonymous_16)
FNDA:0,__handleMap
FNDA:0,(anonymous_18)
FNDA:0,__handleMap
FNDA:1,(anonymous_20)
FNDA:0,(anonymous_21)
FNDA:7,(anonymous_22)
FNDA:18,__handleMap
FNDA:7,(anonymous_24)
FNDA:18,__handleMap
FNDA:4,(anonymous_26)
FNDA:11,__handleMap
FNDA:3,(anonymous_28)
FNDA:7,__handleEach
FNDA:2,(anonymous_30)
FNDA:4,__handleMap
FNDA:11,(anonymous_32)
FNDA:0,(anonymous_33)
DA:3,1
DA:4,1
DA:5,1
DA:7,1
DA:8,11
DA:13,1
DA:14,90
DA:20,1
DA:22,35
DA:23,0
DA:27,35
DA:29,35
DA:30,19
DA:34,16
DA:38,1
DA:39,35
DA:48,35
DA:49,90
DA:50,90
DA:52,90
DA:54,24
DA:55,20
DA:58,4
DA:59,2
DA:60,2
DA:64,4
DA:67,66
DA:81,35
DA:85,1
DA:87,19
DA:88,3
DA:90,3
DA:91,3
DA:95,1
DA:96,85
DA:101,1
DA:103,1
DA:105,1
DA:108,1
DA:110,1
DA:113,1
DA:115,24
DA:116,24
DA:118,0
DA:119,0
DA:122,0
DA:125,24
DA:130,24
DA:133,24
DA:135,24
DA:137,57
DA:139,27
DA:144,27
DA:145,27
DA:150,0
DA:151,0
DA:152,0
DA:156,0
DA:157,0
DA:161,30
DA:170,24
DA:174,1
DA:176,8
DA:177,8
DA:178,8
DA:181,8
DA:182,21
DA:186,1
DA:188,4
DA:189,4
DA:190,4
DA:193,4
DA:194,11
DA:198,1
DA:200,0
DA:201,0
DA:202,0
DA:205,0
DA:207,0
DA:208,0
DA:212,1
DA:214,0
DA:215,0
DA:216,0
DA:219,0
DA:221,0
DA:222,0
DA:226,1
DA:228,1
DA:231,1
DA:233,0
DA:243,1
DA:245,7
DA:246,4
DA:247,4
DA:250,7
DA:252,7
DA:257,7
DA:259,7
DA:261,18
DA:262,5
DA:264,13
DA:267,18
DA:271,1
DA:273,7
DA:274,4
DA:275,4
DA:278,7
DA:280,7
DA:282,7
DA:288,7
DA:290,7
DA:292,18
DA:293,5
DA:295,13
DA:298,18
DA:302,1
DA:304,4
DA:305,4
DA:306,4
DA:309,4
DA:310,11
DA:314,1
DA:317,3
DA:319,3
DA:321,3
DA:322,7
DA:326,1
DA:328,2
DA:329,2
DA:330,2
DA:333,2
DA:335,2
DA:337,2
DA:343,2
DA:345,2
DA:347,4
DA:348,0
DA:350,4
DA:353,4
DA:357,1
DA:358,11
DA:361,1
DA:362,0
DA:365,0
DA:366,0
DA:367,0
DA:370,0
DA:374,0
DA:376,0
LF:150
LH:120
BRDA:22,1,0,0
BRDA:22,1,1,35
BRDA:29,2,0,19
BRDA:29,2,1,16
BRDA:52,3,0,24
BRDA:52,3,1,66
BRDA:54,4,0,20
BRDA:54,4,1,4
BRDA:54,5,0,24
BRDA:54,5,1,4
BRDA:58,6,0,2
BRDA:58,6,1,2
BRDA:87,7,0,3
BRDA:87,7,1,16
BRDA:87,8,0,19
BRDA:87,8,1,15
BRDA:87,8,2,8
BRDA:87,8,3,3
BRDA:96,9,0,49
BRDA:96,9,1,36
BRDA:116,10,0,0
BRDA:116,10,1,24
BRDA:116,11,0,24
BRDA:116,11,1,0
BRDA:118,12,0,0
BRDA:118,12,1,0
BRDA:137,13,0,27
BRDA:137,13,1,30
BRDA:139,14,0,27
BRDA:139,14,1,0
BRDA:139,15,0,27
BRDA:139,15,1,0
BRDA:150,16,0,0
BRDA:150,16,1,0
BRDA:176,17,0,8
BRDA:176,17,1,0
BRDA:188,18,0,4
BRDA:188,18,1,0
BRDA:200,19,0,0
BRDA:200,19,1,0
BRDA:208,20,0,0
BRDA:208,20,1,0
BRDA:208,21,0,0
BRDA:208,21,1,0
BRDA:214,22,0,0
BRDA:214,22,1,0
BRDA:245,23,0,4
BRDA:245,23,1,3
BRDA:253,24,0,0
BRDA:253,24,1,7
BRDA:254,25,0,0
BRDA:254,25,1,7
BRDA:257,26,0,3
BRDA:257,26,1,4
BRDA:261,27,0,5
BRDA:261,27,1,13
BRDA:273,28,0,4
BRDA:273,28,1,3
BRDA:283,29,0,0
BRDA:283,29,1,7
BRDA:284,30,0,0
BRDA:284,30,1,7
BRDA:285,31,0,0
BRDA:285,31,1,7
BRDA:288,32,0,3
BRDA:288,32,1,4
BRDA:292,33,0,5
BRDA:292,33,1,13
BRDA:304,34,0,4
BRDA:304,34,1,0
BRDA:328,35,0,2
BRDA:328,35,1,0
BRDA:338,36,0,0
BRDA:338,36,1,2
BRDA:339,37,0,0
BRDA:339,37,1,2
BRDA:340,38,0,0
BRDA:340,38,1,2
BRDA:343,39,0,0
BRDA:343,39,1,2
BRDA:347,40,0,0
BRDA:347,40,1,4
BRDA:365,41,0,0
BRDA:365,41,1,0
BRF:84
BRH:51
end_of_record
